Loading schedule page and collecting all event links...
⚠️  Detected Cloudflare challenge page.
   The site is using bot protection. Waiting for automatic completion...
  Found session data API: https://summit.aps.org/_api/get-session-data?meetingId=441
   Challenge completed after 2 seconds!
Waiting for dynamic content to load...
  Found session data API: https://summit.aps.org/_api/get-session-data?meetingId=441
Links detected on page
Scrolling to load all content...
  Found session data API: https://summit.aps.org/_api/get-session-data?meetingId=441
  Found session data API: https://summit.aps.org/_api/get-session-data?meetingId=441
Checking for interactive schedule elements...
Extracting event links...
  Strategy 1: Getting all links from page...
  Found 74 total links on page
  Strategy 3: Looking for event data in page...
  Found 0 potential event links from containers
  Strategy 4: Looking for event IDs in page data...
  Found 0 potential event IDs from page
  Strategy 5: Deep extraction of event IDs from page...
  Found 0 event IDs from links: []...
  Strategy 6: Generating likely event IDs...
  Testing sample to find actual event ID range...
  Testing 260 sample IDs to find active ranges...
  Sampling blocked, generating full range (this will take longer)...
  Found 0 links with selector: a[href*='/smt/2026/events/']
  Found 0 links with selector: a[href*='summit.aps.org/smt/']
  Found 0 links with selector: a[href*='/events/']
  Found 0 links with selector: a[href*='/smt/']
  Found 5 links with selector: a[href*='my.aps.org']
  Found 2 links with selector: a[href*='NC__Event']
  Strategy 7: Fetching session data from API...
Collected 2575 unique event URLs
  Sample URLs:
    https://summit.aps.org/smt/2026/events/MAR-Y28
    https://summit.aps.org/smt/2026/events/MAR-U10
    https://summit.aps.org/smt/2026/events/MAR-F86
    https://summit.aps.org/smt/2026/events/MAR-L21
    https://summit.aps.org/smt/2026/events/MAR-L75

Visiting 2575 event pages to extract abstracts...
  (This may take a while if testing many generated URLs...)
  0 URLs from page extraction
  2575 URLs from pattern generation
